<?xml version="1.0" encoding="UTF-8"?>
<!-- Generated by org.testng.reporters.JUnitReportReporter -->
<testsuite hostname="Ameet" failures="0" tests="17" name="testcases.radiology_testcase" time="0.056" errors="2" timestamp="2024-08-29T12:22:20 IST" skipped="15">
  <testcase classname="testcases.radiology_testcase" name="tearDown" time="0.000">
    <error message="Cannot invoke &quot;org.openqa.selenium.WebDriver.quit()&quot; because &quot;this.driver&quot; is null" type="java.lang.NullPointerException">
      <![CDATA[java.lang.NullPointerException: Cannot invoke "org.openqa.selenium.WebDriver.quit()" because "this.driver" is null
at coreUtilities.testbase.TestBase.browserTearDown(TestBase.java:111)
at testcases.radiology_testcase.tearDown(radiology_testcase.java:292)
at java.base/jdk.internal.reflect.NativeMethodAccessorImpl.invoke0(Native Method)
at java.base/jdk.internal.reflect.NativeMethodAccessorImpl.invoke(NativeMethodAccessorImpl.java:77)
at java.base/jdk.internal.reflect.DelegatingMethodAccessorImpl.invoke(DelegatingMethodAccessorImpl.java:43)
at java.base/java.lang.reflect.Method.invoke(Method.java:568)
at org.testng.internal.invokers.MethodInvocationHelper.invokeMethod(MethodInvocationHelper.java:139)
at org.testng.internal.invokers.MethodInvocationHelper.invokeMethodConsideringTimeout(MethodInvocationHelper.java:69)
at org.testng.internal.invokers.ConfigInvoker.invokeConfigurationMethod(ConfigInvoker.java:390)
at org.testng.internal.invokers.ConfigInvoker.invokeConfigurations(ConfigInvoker.java:325)
at org.testng.internal.invokers.TestMethodWorker.invokeAfterClassConfigurations(TestMethodWorker.java:229)
at org.testng.internal.invokers.TestMethodWorker.invokeAfterClassMethods(TestMethodWorker.java:215)
at org.testng.internal.invokers.TestMethodWorker.run(TestMethodWorker.java:131)
at java.base/java.util.concurrent.ThreadPoolExecutor.runWorker(ThreadPoolExecutor.java:1136)
at java.base/java.util.concurrent.ThreadPoolExecutor$Worker.run(ThreadPoolExecutor.java:635)
at java.base/java.lang.Thread.run(Thread.java:833)
]]>
    </error>
  </testcase> <!-- tearDown -->
  <testcase classname="testcases.radiology_testcase" name="initBrowser" time="0.051">
    <error message="Cannot invoke &quot;java.util.Map.get(Object)&quot; because &quot;this.configData&quot; is null" type="java.lang.NullPointerException">
      <![CDATA[java.lang.NullPointerException: Cannot invoke "java.util.Map.get(Object)" because "this.configData" is null
at testcases.radiology_testcase.initBrowser(radiology_testcase.java:37)
at java.base/jdk.internal.reflect.NativeMethodAccessorImpl.invoke0(Native Method)
at java.base/jdk.internal.reflect.NativeMethodAccessorImpl.invoke(NativeMethodAccessorImpl.java:77)
at java.base/jdk.internal.reflect.DelegatingMethodAccessorImpl.invoke(DelegatingMethodAccessorImpl.java:43)
at java.base/java.lang.reflect.Method.invoke(Method.java:568)
at org.testng.internal.invokers.MethodInvocationHelper.invokeMethod(MethodInvocationHelper.java:139)
at org.testng.internal.invokers.MethodInvocationHelper.invokeMethodConsideringTimeout(MethodInvocationHelper.java:69)
at org.testng.internal.invokers.ConfigInvoker.invokeConfigurationMethod(ConfigInvoker.java:390)
at org.testng.internal.invokers.ConfigInvoker.invokeConfigurations(ConfigInvoker.java:325)
at org.testng.internal.invokers.TestMethodWorker.invokeBeforeClassMethods(TestMethodWorker.java:180)
at org.testng.internal.invokers.TestMethodWorker.run(TestMethodWorker.java:122)
at java.base/java.util.concurrent.ThreadPoolExecutor.runWorker(ThreadPoolExecutor.java:1136)
at java.base/java.util.concurrent.ThreadPoolExecutor$Worker.run(ThreadPoolExecutor.java:635)
at java.base/java.lang.Thread.run(Thread.java:833)
]]>
    </error>
  </testcase> <!-- initBrowser -->
  <testcase classname="testcases.radiology_testcase" name="verifyRadiologyModule" time="0.005">
    <skipped/>
  </testcase> <!-- verifyRadiologyModule -->
  <testcase classname="testcases.radiology_testcase" name="verifyRadiologySubModules" time="0.000">
    <skipped/>
  </testcase> <!-- verifyRadiologySubModules -->
  <testcase classname="testcases.radiology_testcase" name="verifyUrlOfTheRadiologyModule" time="0.000">
    <skipped/>
  </testcase> <!-- verifyUrlOfTheRadiologyModule -->
  <testcase classname="testcases.radiology_testcase" name="verifyListRequestsComponents" time="0.000">
    <skipped/>
  </testcase> <!-- verifyListRequestsComponents -->
  <testcase classname="testcases.radiology_testcase" name="verifyNavigationToAnotherSubModuleAfterOpeningTheListRequestsSection" time="0.000">
    <skipped/>
  </testcase> <!-- verifyNavigationToAnotherSubModuleAfterOpeningTheListRequestsSection -->
  <testcase classname="testcases.radiology_testcase" name="performScrollOperation" time="0.000">
    <skipped/>
  </testcase> <!-- performScrollOperation -->
  <testcase classname="testcases.radiology_testcase" name="verifyToolTipText" time="0.000">
    <skipped/>
  </testcase> <!-- verifyToolTipText -->
  <testcase classname="testcases.radiology_testcase" name="verifyDatesAreRemeberedCorrectly" time="0.000">
    <skipped/>
  </testcase> <!-- verifyDatesAreRemeberedCorrectly -->
  <testcase classname="testcases.radiology_testcase" name="verifyToDataRangeBySelectOneWeekOptionFromDropdown" time="0.000">
    <skipped/>
  </testcase> <!-- verifyToDataRangeBySelectOneWeekOptionFromDropdown -->
  <testcase classname="testcases.radiology_testcase" name="verifyDataFromTabelByEnteringDataXRAYInSearchField" time="0.000">
    <skipped/>
  </testcase> <!-- verifyDataFromTabelByEnteringDataXRAYInSearchField -->
  <testcase classname="testcases.radiology_testcase" name="verifyRadiologyWardBillingCancellationPopup" time="0.000">
    <skipped/>
  </testcase> <!-- verifyRadiologyWardBillingCancellationPopup -->
  <testcase classname="testcases.radiology_testcase" name="verifyDataFromTabelByEnteringDataInSearchField" time="0.000">
    <skipped/>
  </testcase> <!-- verifyDataFromTabelByEnteringDataInSearchField -->
  <testcase classname="testcases.radiology_testcase" name="verifyCreationOfListRequest" time="0.000">
    <skipped/>
  </testcase> <!-- verifyCreationOfListRequest -->
  <testcase classname="testcases.radiology_testcase" name="verifyCancelationWhileCreatingListRequest" time="0.000">
    <skipped/>
  </testcase> <!-- verifyCancelationWhileCreatingListRequest -->
  <testcase classname="testcases.radiology_testcase" name="verifyScanDonePopupAndRequiredFieldMessage" time="0.000">
    <skipped/>
  </testcase> <!-- verifyScanDonePopupAndRequiredFieldMessage -->
</testsuite> <!-- testcases.radiology_testcase -->
